  Compiling CUDA source file main.cu...
  
  C:\Users\tbcey74123\Desktop\CUDA\FinalProject\CUDA_SHDecomposition_Release\CUDA_SHDecomposition>"C:\Program Files\NVIDIA GPU Computing Toolkit\CUDA\v8.0\bin\nvcc.exe" -gencode=arch=compute_20,code=\"sm_20,compute_20\" --use-local-env --cl-version 2015 -ccbin "E:\Microsoft Visual Studio 14.0\VC\bin\x86_amd64"  -I"C:\Program Files\NVIDIA GPU Computing Toolkit\CUDA\v8.0\include" -I"C:\Program Files\NVIDIA GPU Computing Toolkit\CUDA\v8.0\include"  -G   --keep-dir x64\Debug -maxrregcount=0  --machine 64 --compile -cudart static  -g   -DPBRT_PROBES_NONE -DPBRT_HAS_OPENEXR -DWIN32 -DWIN64 -D_DEBUG -D_CONSOLE -DPBRT_PROBES_NONE -DPBRT_HAS_OPENEXR -D_MBCS -Xcompiler "/EHsc /W3 /nologo /Od /FS /Zi /RTC1 /MDd " -o x64\Debug\main.cu.obj "C:\Users\tbcey74123\Desktop\CUDA\FinalProject\CUDA_SHDecomposition_Release\CUDA_SHDecomposition\main.cu" 
C:\Program Files\NVIDIA GPU Computing Toolkit\CUDA\v8.0\include\cuda_runtime.h : warning C4819: 檔案含有無法在目前字碼頁 (950) 中表示的字元。請以 Unicode 格式儲存檔案以防止資料遺失
c:\program files\nvidia gpu computing toolkit\cuda\v8.0\include\cuda_runtime_api.h(1946): warning C4819: 檔案含有無法在目前字碼頁 (950) 中表示的字元。請以 Unicode 格式儲存檔案以防止資料遺失
c:\program files\nvidia gpu computing toolkit\cuda\v8.0\include\cuda_runtime_api.h(1946): warning C4819: 檔案含有無法在目前字碼頁 (950) 中表示的字元。請以 Unicode 格式儲存檔案以防止資料遺失
c:\program files\nvidia gpu computing toolkit\cuda\v8.0\include\math_functions.h : warning C4819: 檔案含有無法在目前字碼頁 (950) 中表示的字元。請以 Unicode 格式儲存檔案以防止資料遺失
c:\program files\nvidia gpu computing toolkit\cuda\v8.0\include\math_functions.h(849): warning C4819: 檔案含有無法在目前字碼頁 (950) 中表示的字元。請以 Unicode 格式儲存檔案以防止資料遺失
c:\program files\nvidia gpu computing toolkit\cuda\v8.0\include\math_functions.h(1787): warning C4819: 檔案含有無法在目前字碼頁 (950) 中表示的字元。請以 Unicode 格式儲存檔案以防止資料遺失
c:\program files\nvidia gpu computing toolkit\cuda\v8.0\include\math_functions.h(2637): warning C4819: 檔案含有無法在目前字碼頁 (950) 中表示的字元。請以 Unicode 格式儲存檔案以防止資料遺失
c:\program files\nvidia gpu computing toolkit\cuda\v8.0\include\math_functions.h(3492): warning C4819: 檔案含有無法在目前字碼頁 (950) 中表示的字元。請以 Unicode 格式儲存檔案以防止資料遺失
c:\program files\nvidia gpu computing toolkit\cuda\v8.0\include\math_functions.h(4431): warning C4819: 檔案含有無法在目前字碼頁 (950) 中表示的字元。請以 Unicode 格式儲存檔案以防止資料遺失
c:\program files\nvidia gpu computing toolkit\cuda\v8.0\include\math_functions.h(5345): warning C4819: 檔案含有無法在目前字碼頁 (950) 中表示的字元。請以 Unicode 格式儲存檔案以防止資料遺失
c:\program files\nvidia gpu computing toolkit\cuda\v8.0\include\math_functions.h(6252): warning C4819: 檔案含有無法在目前字碼頁 (950) 中表示的字元。請以 Unicode 格式儲存檔案以防止資料遺失
c:\program files\nvidia gpu computing toolkit\cuda\v8.0\include\math_functions.h(7142): warning C4819: 檔案含有無法在目前字碼頁 (950) 中表示的字元。請以 Unicode 格式儲存檔案以防止資料遺失
c:\program files\nvidia gpu computing toolkit\cuda\v8.0\include\math_functions.h(7956): warning C4819: 檔案含有無法在目前字碼頁 (950) 中表示的字元。請以 Unicode 格式儲存檔案以防止資料遺失
c:\program files\nvidia gpu computing toolkit\cuda\v8.0\include\device_functions.h : warning C4819: 檔案含有無法在目前字碼頁 (950) 中表示的字元。請以 Unicode 格式儲存檔案以防止資料遺失
c:\program files\nvidia gpu computing toolkit\cuda\v8.0\include\device_functions.h(774): warning C4819: 檔案含有無法在目前字碼頁 (950) 中表示的字元。請以 Unicode 格式儲存檔案以防止資料遺失
c:\program files\nvidia gpu computing toolkit\cuda\v8.0\include\device_functions.h(1618): warning C4819: 檔案含有無法在目前字碼頁 (950) 中表示的字元。請以 Unicode 格式儲存檔案以防止資料遺失
c:\program files\nvidia gpu computing toolkit\cuda\v8.0\include\device_double_functions.h : warning C4819: 檔案含有無法在目前字碼頁 (950) 中表示的字元。請以 Unicode 格式儲存檔案以防止資料遺失
c:\program files\nvidia gpu computing toolkit\cuda\v8.0\include\sm_20_intrinsics.h : warning C4819: 檔案含有無法在目前字碼頁 (950) 中表示的字元。請以 Unicode 格式儲存檔案以防止資料遺失
c:\program files\nvidia gpu computing toolkit\cuda\v8.0\include\sm_20_intrinsics.h(943): warning C4819: 檔案含有無法在目前字碼頁 (950) 中表示的字元。請以 Unicode 格式儲存檔案以防止資料遺失
C:/Users/tbcey74123/Desktop/CUDA/FinalProject/CUDA_SHDecomposition_Release/CUDA_SHDecomposition/main.cu(125): warning : variable "a" was declared but never referenced
C:/Users/tbcey74123/Desktop/CUDA/FinalProject/CUDA_SHDecomposition_Release/CUDA_SHDecomposition/main.cu(314): warning : integer operation result is out of range
C:/Users/tbcey74123/Desktop/CUDA/FinalProject/CUDA_SHDecomposition_Release/CUDA_SHDecomposition/main.cu(314): warning : integer conversion resulted in a change of sign
C:\Program Files\NVIDIA GPU Computing Toolkit\CUDA\v8.0\include\cuda_runtime.h : warning C4819: 檔案含有無法在目前字碼頁 (950) 中表示的字元。請以 Unicode 格式儲存檔案以防止資料遺失
c:\program files\nvidia gpu computing toolkit\cuda\v8.0\include\cuda_runtime_api.h(1946): warning C4819: 檔案含有無法在目前字碼頁 (950) 中表示的字元。請以 Unicode 格式儲存檔案以防止資料遺失
c:\program files\nvidia gpu computing toolkit\cuda\v8.0\include\cuda_runtime_api.h(1946): warning C4819: 檔案含有無法在目前字碼頁 (950) 中表示的字元。請以 Unicode 格式儲存檔案以防止資料遺失
c:\program files\nvidia gpu computing toolkit\cuda\v8.0\include\math_functions.h : warning C4819: 檔案含有無法在目前字碼頁 (950) 中表示的字元。請以 Unicode 格式儲存檔案以防止資料遺失
c:\program files\nvidia gpu computing toolkit\cuda\v8.0\include\math_functions.h(849): warning C4819: 檔案含有無法在目前字碼頁 (950) 中表示的字元。請以 Unicode 格式儲存檔案以防止資料遺失
c:\program files\nvidia gpu computing toolkit\cuda\v8.0\include\math_functions.h(1787): warning C4819: 檔案含有無法在目前字碼頁 (950) 中表示的字元。請以 Unicode 格式儲存檔案以防止資料遺失
c:\program files\nvidia gpu computing toolkit\cuda\v8.0\include\math_functions.h(2637): warning C4819: 檔案含有無法在目前字碼頁 (950) 中表示的字元。請以 Unicode 格式儲存檔案以防止資料遺失
c:\program files\nvidia gpu computing toolkit\cuda\v8.0\include\math_functions.h(3492): warning C4819: 檔案含有無法在目前字碼頁 (950) 中表示的字元。請以 Unicode 格式儲存檔案以防止資料遺失
c:\program files\nvidia gpu computing toolkit\cuda\v8.0\include\math_functions.h(4431): warning C4819: 檔案含有無法在目前字碼頁 (950) 中表示的字元。請以 Unicode 格式儲存檔案以防止資料遺失
c:\program files\nvidia gpu computing toolkit\cuda\v8.0\include\math_functions.h(5345): warning C4819: 檔案含有無法在目前字碼頁 (950) 中表示的字元。請以 Unicode 格式儲存檔案以防止資料遺失
c:\program files\nvidia gpu computing toolkit\cuda\v8.0\include\math_functions.h(6252): warning C4819: 檔案含有無法在目前字碼頁 (950) 中表示的字元。請以 Unicode 格式儲存檔案以防止資料遺失
c:\program files\nvidia gpu computing toolkit\cuda\v8.0\include\math_functions.h(7142): warning C4819: 檔案含有無法在目前字碼頁 (950) 中表示的字元。請以 Unicode 格式儲存檔案以防止資料遺失
c:\program files\nvidia gpu computing toolkit\cuda\v8.0\include\math_functions.h(7956): warning C4819: 檔案含有無法在目前字碼頁 (950) 中表示的字元。請以 Unicode 格式儲存檔案以防止資料遺失
c:\program files\nvidia gpu computing toolkit\cuda\v8.0\include\device_functions.h : warning C4819: 檔案含有無法在目前字碼頁 (950) 中表示的字元。請以 Unicode 格式儲存檔案以防止資料遺失
c:\program files\nvidia gpu computing toolkit\cuda\v8.0\include\device_functions.h(774): warning C4819: 檔案含有無法在目前字碼頁 (950) 中表示的字元。請以 Unicode 格式儲存檔案以防止資料遺失
c:\program files\nvidia gpu computing toolkit\cuda\v8.0\include\device_functions.h(1618): warning C4819: 檔案含有無法在目前字碼頁 (950) 中表示的字元。請以 Unicode 格式儲存檔案以防止資料遺失
c:\program files\nvidia gpu computing toolkit\cuda\v8.0\include\device_double_functions.h : warning C4819: 檔案含有無法在目前字碼頁 (950) 中表示的字元。請以 Unicode 格式儲存檔案以防止資料遺失
c:\program files\nvidia gpu computing toolkit\cuda\v8.0\include\sm_20_intrinsics.h : warning C4819: 檔案含有無法在目前字碼頁 (950) 中表示的字元。請以 Unicode 格式儲存檔案以防止資料遺失
c:\program files\nvidia gpu computing toolkit\cuda\v8.0\include\sm_20_intrinsics.h(943): warning C4819: 檔案含有無法在目前字碼頁 (950) 中表示的字元。請以 Unicode 格式儲存檔案以防止資料遺失
C:/Users/tbcey74123/Desktop/CUDA/FinalProject/CUDA_SHDecomposition_Release/CUDA_SHDecomposition/main.cu(125): warning : variable "a" was declared but never referenced
C:/Users/tbcey74123/Desktop/CUDA/FinalProject/CUDA_SHDecomposition_Release/CUDA_SHDecomposition/main.cu(314): warning : integer operation result is out of range
C:/Users/tbcey74123/Desktop/CUDA/FinalProject/CUDA_SHDecomposition_Release/CUDA_SHDecomposition/main.cu(314): warning : integer conversion resulted in a change of sign
c:\program files\nvidia gpu computing toolkit\cuda\v8.0\include\math_functions.h : warning C4819: 檔案含有無法在目前字碼頁 (950) 中表示的字元。請以 Unicode 格式儲存檔案以防止資料遺失
c:\program files\nvidia gpu computing toolkit\cuda\v8.0\include\math_functions.h(849): warning C4819: 檔案含有無法在目前字碼頁 (950) 中表示的字元。請以 Unicode 格式儲存檔案以防止資料遺失
c:\program files\nvidia gpu computing toolkit\cuda\v8.0\include\math_functions.h(1787): warning C4819: 檔案含有無法在目前字碼頁 (950) 中表示的字元。請以 Unicode 格式儲存檔案以防止資料遺失
c:\program files\nvidia gpu computing toolkit\cuda\v8.0\include\math_functions.h(2637): warning C4819: 檔案含有無法在目前字碼頁 (950) 中表示的字元。請以 Unicode 格式儲存檔案以防止資料遺失
c:\program files\nvidia gpu computing toolkit\cuda\v8.0\include\math_functions.h(3492): warning C4819: 檔案含有無法在目前字碼頁 (950) 中表示的字元。請以 Unicode 格式儲存檔案以防止資料遺失
c:\program files\nvidia gpu computing toolkit\cuda\v8.0\include\math_functions.h(4431): warning C4819: 檔案含有無法在目前字碼頁 (950) 中表示的字元。請以 Unicode 格式儲存檔案以防止資料遺失
c:\program files\nvidia gpu computing toolkit\cuda\v8.0\include\math_functions.h(5345): warning C4819: 檔案含有無法在目前字碼頁 (950) 中表示的字元。請以 Unicode 格式儲存檔案以防止資料遺失
c:\program files\nvidia gpu computing toolkit\cuda\v8.0\include\math_functions.h(6252): warning C4819: 檔案含有無法在目前字碼頁 (950) 中表示的字元。請以 Unicode 格式儲存檔案以防止資料遺失
c:\program files\nvidia gpu computing toolkit\cuda\v8.0\include\math_functions.h(7142): warning C4819: 檔案含有無法在目前字碼頁 (950) 中表示的字元。請以 Unicode 格式儲存檔案以防止資料遺失
c:\program files\nvidia gpu computing toolkit\cuda\v8.0\include\math_functions.h(7956): warning C4819: 檔案含有無法在目前字碼頁 (950) 中表示的字元。請以 Unicode 格式儲存檔案以防止資料遺失
c:\program files\nvidia gpu computing toolkit\cuda\v8.0\include\math_functions.h : warning C4819: 檔案含有無法在目前字碼頁 (950) 中表示的字元。請以 Unicode 格式儲存檔案以防止資料遺失
c:\program files\nvidia gpu computing toolkit\cuda\v8.0\include\math_functions.h(849): warning C4819: 檔案含有無法在目前字碼頁 (950) 中表示的字元。請以 Unicode 格式儲存檔案以防止資料遺失
c:\program files\nvidia gpu computing toolkit\cuda\v8.0\include\math_functions.h(1787): warning C4819: 檔案含有無法在目前字碼頁 (950) 中表示的字元。請以 Unicode 格式儲存檔案以防止資料遺失
c:\program files\nvidia gpu computing toolkit\cuda\v8.0\include\math_functions.h(2637): warning C4819: 檔案含有無法在目前字碼頁 (950) 中表示的字元。請以 Unicode 格式儲存檔案以防止資料遺失
c:\program files\nvidia gpu computing toolkit\cuda\v8.0\include\math_functions.h(3492): warning C4819: 檔案含有無法在目前字碼頁 (950) 中表示的字元。請以 Unicode 格式儲存檔案以防止資料遺失
c:\program files\nvidia gpu computing toolkit\cuda\v8.0\include\math_functions.h(4431): warning C4819: 檔案含有無法在目前字碼頁 (950) 中表示的字元。請以 Unicode 格式儲存檔案以防止資料遺失
c:\program files\nvidia gpu computing toolkit\cuda\v8.0\include\math_functions.h(5345): warning C4819: 檔案含有無法在目前字碼頁 (950) 中表示的字元。請以 Unicode 格式儲存檔案以防止資料遺失
c:\program files\nvidia gpu computing toolkit\cuda\v8.0\include\math_functions.h(6252): warning C4819: 檔案含有無法在目前字碼頁 (950) 中表示的字元。請以 Unicode 格式儲存檔案以防止資料遺失
c:\program files\nvidia gpu computing toolkit\cuda\v8.0\include\math_functions.h(7142): warning C4819: 檔案含有無法在目前字碼頁 (950) 中表示的字元。請以 Unicode 格式儲存檔案以防止資料遺失
c:\program files\nvidia gpu computing toolkit\cuda\v8.0\include\math_functions.h(7956): warning C4819: 檔案含有無法在目前字碼頁 (950) 中表示的字元。請以 Unicode 格式儲存檔案以防止資料遺失
c:\program files\nvidia gpu computing toolkit\cuda\v8.0\include\device_functions_decls.h : warning C4819: 檔案含有無法在目前字碼頁 (950) 中表示的字元。請以 Unicode 格式儲存檔案以防止資料遺失
c:\program files\nvidia gpu computing toolkit\cuda\v8.0\include\device_functions_decls.h(910): warning C4819: 檔案含有無法在目前字碼頁 (950) 中表示的字元。請以 Unicode 格式儲存檔案以防止資料遺失
c:\program files\nvidia gpu computing toolkit\cuda\v8.0\include\device_functions_decls.h(1903): warning C4819: 檔案含有無法在目前字碼頁 (950) 中表示的字元。請以 Unicode 格式儲存檔案以防止資料遺失
c:\program files\nvidia gpu computing toolkit\cuda\v8.0\include\device_functions_decls.h(2843): warning C4819: 檔案含有無法在目前字碼頁 (950) 中表示的字元。請以 Unicode 格式儲存檔案以防止資料遺失
c:\program files\nvidia gpu computing toolkit\cuda\v8.0\include\device_functions_decls.h(3779): warning C4819: 檔案含有無法在目前字碼頁 (950) 中表示的字元。請以 Unicode 格式儲存檔案以防止資料遺失
c:\program files\nvidia gpu computing toolkit\cuda\v8.0\include\device_functions_decls.h(4721): warning C4819: 檔案含有無法在目前字碼頁 (950) 中表示的字元。請以 Unicode 格式儲存檔案以防止資料遺失
c:\program files\nvidia gpu computing toolkit\cuda\v8.0\include\device_functions_decls.h(5723): warning C4819: 檔案含有無法在目前字碼頁 (950) 中表示的字元。請以 Unicode 格式儲存檔案以防止資料遺失
c:\program files\nvidia gpu computing toolkit\cuda\v8.0\include\device_functions_decls.h(6682): warning C4819: 檔案含有無法在目前字碼頁 (950) 中表示的字元。請以 Unicode 格式儲存檔案以防止資料遺失
c:\program files\nvidia gpu computing toolkit\cuda\v8.0\include\device_functions_decls.h(7610): warning C4819: 檔案含有無法在目前字碼頁 (950) 中表示的字元。請以 Unicode 格式儲存檔案以防止資料遺失
c:\program files\nvidia gpu computing toolkit\cuda\v8.0\include\device_functions_decls.h(8543): warning C4819: 檔案含有無法在目前字碼頁 (950) 中表示的字元。請以 Unicode 格式儲存檔案以防止資料遺失
c:\program files\nvidia gpu computing toolkit\cuda\v8.0\include\device_functions_decls.h(9413): warning C4819: 檔案含有無法在目前字碼頁 (950) 中表示的字元。請以 Unicode 格式儲存檔案以防止資料遺失
c:\program files\nvidia gpu computing toolkit\cuda\v8.0\include\device_functions_decls.h(10391): warning C4819: 檔案含有無法在目前字碼頁 (950) 中表示的字元。請以 Unicode 格式儲存檔案以防止資料遺失
c:\program files\nvidia gpu computing toolkit\cuda\v8.0\include\device_functions_decls.h(11435): warning C4819: 檔案含有無法在目前字碼頁 (950) 中表示的字元。請以 Unicode 格式儲存檔案以防止資料遺失
c:\program files\nvidia gpu computing toolkit\cuda\v8.0\include\device_functions.h : warning C4819: 檔案含有無法在目前字碼頁 (950) 中表示的字元。請以 Unicode 格式儲存檔案以防止資料遺失
c:\program files\nvidia gpu computing toolkit\cuda\v8.0\include\device_functions.h(774): warning C4819: 檔案含有無法在目前字碼頁 (950) 中表示的字元。請以 Unicode 格式儲存檔案以防止資料遺失
c:\program files\nvidia gpu computing toolkit\cuda\v8.0\include\device_functions.h(1618): warning C4819: 檔案含有無法在目前字碼頁 (950) 中表示的字元。請以 Unicode 格式儲存檔案以防止資料遺失
c:\program files\nvidia gpu computing toolkit\cuda\v8.0\include\device_double_functions.h : warning C4819: 檔案含有無法在目前字碼頁 (950) 中表示的字元。請以 Unicode 格式儲存檔案以防止資料遺失
c:\program files\nvidia gpu computing toolkit\cuda\v8.0\include\sm_20_intrinsics.h : warning C4819: 檔案含有無法在目前字碼頁 (950) 中表示的字元。請以 Unicode 格式儲存檔案以防止資料遺失
c:\program files\nvidia gpu computing toolkit\cuda\v8.0\include\sm_20_intrinsics.h(943): warning C4819: 檔案含有無法在目前字碼頁 (950) 中表示的字元。請以 Unicode 格式儲存檔案以防止資料遺失
c:\program files\nvidia gpu computing toolkit\cuda\v8.0\include\device_functions_decls.h : warning C4819: 檔案含有無法在目前字碼頁 (950) 中表示的字元。請以 Unicode 格式儲存檔案以防止資料遺失
c:\program files\nvidia gpu computing toolkit\cuda\v8.0\include\device_functions_decls.h(910): warning C4819: 檔案含有無法在目前字碼頁 (950) 中表示的字元。請以 Unicode 格式儲存檔案以防止資料遺失
c:\program files\nvidia gpu computing toolkit\cuda\v8.0\include\device_functions_decls.h(1903): warning C4819: 檔案含有無法在目前字碼頁 (950) 中表示的字元。請以 Unicode 格式儲存檔案以防止資料遺失
c:\program files\nvidia gpu computing toolkit\cuda\v8.0\include\device_functions_decls.h(2843): warning C4819: 檔案含有無法在目前字碼頁 (950) 中表示的字元。請以 Unicode 格式儲存檔案以防止資料遺失
c:\program files\nvidia gpu computing toolkit\cuda\v8.0\include\device_functions_decls.h(3779): warning C4819: 檔案含有無法在目前字碼頁 (950) 中表示的字元。請以 Unicode 格式儲存檔案以防止資料遺失
c:\program files\nvidia gpu computing toolkit\cuda\v8.0\include\device_functions_decls.h(4721): warning C4819: 檔案含有無法在目前字碼頁 (950) 中表示的字元。請以 Unicode 格式儲存檔案以防止資料遺失
c:\program files\nvidia gpu computing toolkit\cuda\v8.0\include\device_functions_decls.h(5723): warning C4819: 檔案含有無法在目前字碼頁 (950) 中表示的字元。請以 Unicode 格式儲存檔案以防止資料遺失
c:\program files\nvidia gpu computing toolkit\cuda\v8.0\include\device_functions_decls.h(6682): warning C4819: 檔案含有無法在目前字碼頁 (950) 中表示的字元。請以 Unicode 格式儲存檔案以防止資料遺失
c:\program files\nvidia gpu computing toolkit\cuda\v8.0\include\device_functions_decls.h(7610): warning C4819: 檔案含有無法在目前字碼頁 (950) 中表示的字元。請以 Unicode 格式儲存檔案以防止資料遺失
c:\program files\nvidia gpu computing toolkit\cuda\v8.0\include\device_functions_decls.h(8543): warning C4819: 檔案含有無法在目前字碼頁 (950) 中表示的字元。請以 Unicode 格式儲存檔案以防止資料遺失
c:\program files\nvidia gpu computing toolkit\cuda\v8.0\include\device_functions_decls.h(9413): warning C4819: 檔案含有無法在目前字碼頁 (950) 中表示的字元。請以 Unicode 格式儲存檔案以防止資料遺失
c:\program files\nvidia gpu computing toolkit\cuda\v8.0\include\device_functions_decls.h(10391): warning C4819: 檔案含有無法在目前字碼頁 (950) 中表示的字元。請以 Unicode 格式儲存檔案以防止資料遺失
c:\program files\nvidia gpu computing toolkit\cuda\v8.0\include\device_functions_decls.h(11435): warning C4819: 檔案含有無法在目前字碼頁 (950) 中表示的字元。請以 Unicode 格式儲存檔案以防止資料遺失
c:\program files\nvidia gpu computing toolkit\cuda\v8.0\include\device_functions.h : warning C4819: 檔案含有無法在目前字碼頁 (950) 中表示的字元。請以 Unicode 格式儲存檔案以防止資料遺失
c:\program files\nvidia gpu computing toolkit\cuda\v8.0\include\device_functions.h(774): warning C4819: 檔案含有無法在目前字碼頁 (950) 中表示的字元。請以 Unicode 格式儲存檔案以防止資料遺失
c:\program files\nvidia gpu computing toolkit\cuda\v8.0\include\device_functions.h(1618): warning C4819: 檔案含有無法在目前字碼頁 (950) 中表示的字元。請以 Unicode 格式儲存檔案以防止資料遺失
c:\program files\nvidia gpu computing toolkit\cuda\v8.0\include\math_functions.h : warning C4819: 檔案含有無法在目前字碼頁 (950) 中表示的字元。請以 Unicode 格式儲存檔案以防止資料遺失
c:\program files\nvidia gpu computing toolkit\cuda\v8.0\include\math_functions.h(849): warning C4819: 檔案含有無法在目前字碼頁 (950) 中表示的字元。請以 Unicode 格式儲存檔案以防止資料遺失
c:\program files\nvidia gpu computing toolkit\cuda\v8.0\include\math_functions.h(1787): warning C4819: 檔案含有無法在目前字碼頁 (950) 中表示的字元。請以 Unicode 格式儲存檔案以防止資料遺失
c:\program files\nvidia gpu computing toolkit\cuda\v8.0\include\math_functions.h(2637): warning C4819: 檔案含有無法在目前字碼頁 (950) 中表示的字元。請以 Unicode 格式儲存檔案以防止資料遺失
c:\program files\nvidia gpu computing toolkit\cuda\v8.0\include\math_functions.h(3492): warning C4819: 檔案含有無法在目前字碼頁 (950) 中表示的字元。請以 Unicode 格式儲存檔案以防止資料遺失
c:\program files\nvidia gpu computing toolkit\cuda\v8.0\include\math_functions.h(4431): warning C4819: 檔案含有無法在目前字碼頁 (950) 中表示的字元。請以 Unicode 格式儲存檔案以防止資料遺失
c:\program files\nvidia gpu computing toolkit\cuda\v8.0\include\math_functions.h(5345): warning C4819: 檔案含有無法在目前字碼頁 (950) 中表示的字元。請以 Unicode 格式儲存檔案以防止資料遺失
c:\program files\nvidia gpu computing toolkit\cuda\v8.0\include\math_functions.h(6252): warning C4819: 檔案含有無法在目前字碼頁 (950) 中表示的字元。請以 Unicode 格式儲存檔案以防止資料遺失
c:\program files\nvidia gpu computing toolkit\cuda\v8.0\include\math_functions.h(7142): warning C4819: 檔案含有無法在目前字碼頁 (950) 中表示的字元。請以 Unicode 格式儲存檔案以防止資料遺失
c:\program files\nvidia gpu computing toolkit\cuda\v8.0\include\math_functions.h(7956): warning C4819: 檔案含有無法在目前字碼頁 (950) 中表示的字元。請以 Unicode 格式儲存檔案以防止資料遺失
CUDACOMPILE : nvcc warning : The 'compute_20', 'sm_20', and 'sm_21' architectures are deprecated, and may be removed in a future release (Use -Wno-deprecated-gpu-targets to suppress warning).
  main.cu
C:/Users/tbcey74123/Desktop/CUDA/FinalProject/CUDA_SHDecomposition_Release/CUDA_SHDecomposition/main.cu(314): warning C4307: '*': 整數常數溢位
C:/Users/tbcey74123/Desktop/CUDA/FinalProject/CUDA_SHDecomposition_Release/CUDA_SHDecomposition/main.cu(392): warning C4018: '<': signed/unsigned 不相符
C:/Users/tbcey74123/Desktop/CUDA/FinalProject/CUDA_SHDecomposition_Release/CUDA_SHDecomposition/main.cu(317): warning C4477: 'printf' : 格式字串 '%d' 需要 'int' 類型的引數，但 variadic 引數 1 的類型為 'std::size_t'
  C:/Users/tbcey74123/Desktop/CUDA/FinalProject/CUDA_SHDecomposition_Release/CUDA_SHDecomposition/main.cu(317): note: 請考慮在格式字串中使用 '%zd'
  libpbrt.lib(api.obj) : 找到 MSIL .netmodule 或以 /GL 編譯的模組。請以 /LTCG 重新啟動連結，將 /LTCG 加入連結命令列以提升連結器效能
LINK : warning LNK4075: 忽略 '/INCREMENTAL'，由於 '/LTCG' 規格
camera.obj : warning LNK4075: 忽略 '/EDITANDCONTINUE'，由於 '/OPT:LBR' 規格
libpbrt.lib(api.obj) : error LNK2038: 偵測到 '_ITERATOR_DEBUG_LEVEL' 不符: '0' 值與 '2' 值 (位於 main.cu.obj) 不符
libpbrt.lib(api.obj) : error LNK2038: 偵測到 'RuntimeLibrary' 不符: 'MD_DynamicRelease' 值與 'MDd_DynamicDebug' 值 (位於 main.cu.obj) 不符
libpbrt.lib(half.obj) : error LNK2038: 偵測到 '_ITERATOR_DEBUG_LEVEL' 不符: '0' 值與 '2' 值 (位於 main.cu.obj) 不符
libpbrt.lib(half.obj) : error LNK2038: 偵測到 'RuntimeLibrary' 不符: 'MD_DynamicRelease' 值與 'MDd_DynamicDebug' 值 (位於 main.cu.obj) 不符
libpbrt.lib(ImfRgbaFile.obj) : error LNK2038: 偵測到 '_ITERATOR_DEBUG_LEVEL' 不符: '0' 值與 '2' 值 (位於 main.cu.obj) 不符
libpbrt.lib(ImfRgbaFile.obj) : error LNK2038: 偵測到 'RuntimeLibrary' 不符: 'MD_DynamicRelease' 值與 'MDd_DynamicDebug' 值 (位於 main.cu.obj) 不符
libpbrt.lib(StdAfx.obj) : error LNK2038: 偵測到 '_ITERATOR_DEBUG_LEVEL' 不符: '0' 值與 '2' 值 (位於 main.cu.obj) 不符
libpbrt.lib(StdAfx.obj) : error LNK2038: 偵測到 'RuntimeLibrary' 不符: 'MD_DynamicRelease' 值與 'MDd_DynamicDebug' 值 (位於 main.cu.obj) 不符
libpbrt.lib(sphere.obj) : error LNK2038: 偵測到 '_ITERATOR_DEBUG_LEVEL' 不符: '0' 值與 '2' 值 (位於 main.cu.obj) 不符
libpbrt.lib(sphere.obj) : error LNK2038: 偵測到 'RuntimeLibrary' 不符: 'MD_DynamicRelease' 值與 'MDd_DynamicDebug' 值 (位於 main.cu.obj) 不符
libpbrt.lib(cylinder.obj) : error LNK2038: 偵測到 '_ITERATOR_DEBUG_LEVEL' 不符: '0' 值與 '2' 值 (位於 main.cu.obj) 不符
libpbrt.lib(cylinder.obj) : error LNK2038: 偵測到 'RuntimeLibrary' 不符: 'MD_DynamicRelease' 值與 'MDd_DynamicDebug' 值 (位於 main.cu.obj) 不符
libpbrt.lib(disk.obj) : error LNK2038: 偵測到 '_ITERATOR_DEBUG_LEVEL' 不符: '0' 值與 '2' 值 (位於 main.cu.obj) 不符
libpbrt.lib(disk.obj) : error LNK2038: 偵測到 'RuntimeLibrary' 不符: 'MD_DynamicRelease' 值與 'MDd_DynamicDebug' 值 (位於 main.cu.obj) 不符
libpbrt.lib(cone.obj) : error LNK2038: 偵測到 '_ITERATOR_DEBUG_LEVEL' 不符: '0' 值與 '2' 值 (位於 main.cu.obj) 不符
libpbrt.lib(cone.obj) : error LNK2038: 偵測到 'RuntimeLibrary' 不符: 'MD_DynamicRelease' 值與 'MDd_DynamicDebug' 值 (位於 main.cu.obj) 不符
libpbrt.lib(paraboloid.obj) : error LNK2038: 偵測到 '_ITERATOR_DEBUG_LEVEL' 不符: '0' 值與 '2' 值 (位於 main.cu.obj) 不符
libpbrt.lib(paraboloid.obj) : error LNK2038: 偵測到 'RuntimeLibrary' 不符: 'MD_DynamicRelease' 值與 'MDd_DynamicDebug' 值 (位於 main.cu.obj) 不符
libpbrt.lib(hyperboloid.obj) : error LNK2038: 偵測到 '_ITERATOR_DEBUG_LEVEL' 不符: '0' 值與 '2' 值 (位於 main.cu.obj) 不符
libpbrt.lib(hyperboloid.obj) : error LNK2038: 偵測到 'RuntimeLibrary' 不符: 'MD_DynamicRelease' 值與 'MDd_DynamicDebug' 值 (位於 main.cu.obj) 不符
libpbrt.lib(trianglemesh.obj) : error LNK2038: 偵測到 '_ITERATOR_DEBUG_LEVEL' 不符: '0' 值與 '2' 值 (位於 main.cu.obj) 不符
libpbrt.lib(trianglemesh.obj) : error LNK2038: 偵測到 'RuntimeLibrary' 不符: 'MD_DynamicRelease' 值與 'MDd_DynamicDebug' 值 (位於 main.cu.obj) 不符
libpbrt.lib(heightfield.obj) : error LNK2038: 偵測到 '_ITERATOR_DEBUG_LEVEL' 不符: '0' 值與 '2' 值 (位於 main.cu.obj) 不符
libpbrt.lib(heightfield.obj) : error LNK2038: 偵測到 'RuntimeLibrary' 不符: 'MD_DynamicRelease' 值與 'MDd_DynamicDebug' 值 (位於 main.cu.obj) 不符
libpbrt.lib(loopsubdiv.obj) : error LNK2038: 偵測到 '_ITERATOR_DEBUG_LEVEL' 不符: '0' 值與 '2' 值 (位於 main.cu.obj) 不符
libpbrt.lib(loopsubdiv.obj) : error LNK2038: 偵測到 'RuntimeLibrary' 不符: 'MD_DynamicRelease' 值與 'MDd_DynamicDebug' 值 (位於 main.cu.obj) 不符
libpbrt.lib(nurbs.obj) : error LNK2038: 偵測到 '_ITERATOR_DEBUG_LEVEL' 不符: '0' 值與 '2' 值 (位於 main.cu.obj) 不符
libpbrt.lib(nurbs.obj) : error LNK2038: 偵測到 'RuntimeLibrary' 不符: 'MD_DynamicRelease' 值與 'MDd_DynamicDebug' 值 (位於 main.cu.obj) 不符
libpbrt.lib(matte.obj) : error LNK2038: 偵測到 '_ITERATOR_DEBUG_LEVEL' 不符: '0' 值與 '2' 值 (位於 main.cu.obj) 不符
libpbrt.lib(matte.obj) : error LNK2038: 偵測到 'RuntimeLibrary' 不符: 'MD_DynamicRelease' 值與 'MDd_DynamicDebug' 值 (位於 main.cu.obj) 不符
libpbrt.lib(plastic.obj) : error LNK2038: 偵測到 '_ITERATOR_DEBUG_LEVEL' 不符: '0' 值與 '2' 值 (位於 main.cu.obj) 不符
libpbrt.lib(plastic.obj) : error LNK2038: 偵測到 'RuntimeLibrary' 不符: 'MD_DynamicRelease' 值與 'MDd_DynamicDebug' 值 (位於 main.cu.obj) 不符
libpbrt.lib(translucent.obj) : error LNK2038: 偵測到 '_ITERATOR_DEBUG_LEVEL' 不符: '0' 值與 '2' 值 (位於 main.cu.obj) 不符
libpbrt.lib(translucent.obj) : error LNK2038: 偵測到 'RuntimeLibrary' 不符: 'MD_DynamicRelease' 值與 'MDd_DynamicDebug' 值 (位於 main.cu.obj) 不符
libpbrt.lib(glass.obj) : error LNK2038: 偵測到 '_ITERATOR_DEBUG_LEVEL' 不符: '0' 值與 '2' 值 (位於 main.cu.obj) 不符
libpbrt.lib(glass.obj) : error LNK2038: 偵測到 'RuntimeLibrary' 不符: 'MD_DynamicRelease' 值與 'MDd_DynamicDebug' 值 (位於 main.cu.obj) 不符
libpbrt.lib(mirror.obj) : error LNK2038: 偵測到 '_ITERATOR_DEBUG_LEVEL' 不符: '0' 值與 '2' 值 (位於 main.cu.obj) 不符
libpbrt.lib(mirror.obj) : error LNK2038: 偵測到 'RuntimeLibrary' 不符: 'MD_DynamicRelease' 值與 'MDd_DynamicDebug' 值 (位於 main.cu.obj) 不符
libpbrt.lib(mixmat.obj) : error LNK2038: 偵測到 '_ITERATOR_DEBUG_LEVEL' 不符: '0' 值與 '2' 值 (位於 main.cu.obj) 不符
libpbrt.lib(mixmat.obj) : error LNK2038: 偵測到 'RuntimeLibrary' 不符: 'MD_DynamicRelease' 值與 'MDd_DynamicDebug' 值 (位於 main.cu.obj) 不符
libpbrt.lib(metal.obj) : error LNK2038: 偵測到 '_ITERATOR_DEBUG_LEVEL' 不符: '0' 值與 '2' 值 (位於 main.cu.obj) 不符
libpbrt.lib(metal.obj) : error LNK2038: 偵測到 'RuntimeLibrary' 不符: 'MD_DynamicRelease' 值與 'MDd_DynamicDebug' 值 (位於 main.cu.obj) 不符
libpbrt.lib(substrate.obj) : error LNK2038: 偵測到 '_ITERATOR_DEBUG_LEVEL' 不符: '0' 值與 '2' 值 (位於 main.cu.obj) 不符
libpbrt.lib(substrate.obj) : error LNK2038: 偵測到 'RuntimeLibrary' 不符: 'MD_DynamicRelease' 值與 'MDd_DynamicDebug' 值 (位於 main.cu.obj) 不符
libpbrt.lib(uber.obj) : error LNK2038: 偵測到 '_ITERATOR_DEBUG_LEVEL' 不符: '0' 值與 '2' 值 (位於 main.cu.obj) 不符
libpbrt.lib(uber.obj) : error LNK2038: 偵測到 'RuntimeLibrary' 不符: 'MD_DynamicRelease' 值與 'MDd_DynamicDebug' 值 (位於 main.cu.obj) 不符
libpbrt.lib(subsurface.obj) : error LNK2038: 偵測到 '_ITERATOR_DEBUG_LEVEL' 不符: '0' 值與 '2' 值 (位於 main.cu.obj) 不符
libpbrt.lib(subsurface.obj) : error LNK2038: 偵測到 'RuntimeLibrary' 不符: 'MD_DynamicRelease' 值與 'MDd_DynamicDebug' 值 (位於 main.cu.obj) 不符
libpbrt.lib(kdsubsurface.obj) : error LNK2038: 偵測到 '_ITERATOR_DEBUG_LEVEL' 不符: '0' 值與 '2' 值 (位於 main.cu.obj) 不符
libpbrt.lib(kdsubsurface.obj) : error LNK2038: 偵測到 'RuntimeLibrary' 不符: 'MD_DynamicRelease' 值與 'MDd_DynamicDebug' 值 (位於 main.cu.obj) 不符
libpbrt.lib(measured.obj) : error LNK2038: 偵測到 '_ITERATOR_DEBUG_LEVEL' 不符: '0' 值與 '2' 值 (位於 main.cu.obj) 不符
libpbrt.lib(measured.obj) : error LNK2038: 偵測到 'RuntimeLibrary' 不符: 'MD_DynamicRelease' 值與 'MDd_DynamicDebug' 值 (位於 main.cu.obj) 不符
libpbrt.lib(shinymetal.obj) : error LNK2038: 偵測到 '_ITERATOR_DEBUG_LEVEL' 不符: '0' 值與 '2' 值 (位於 main.cu.obj) 不符
libpbrt.lib(shinymetal.obj) : error LNK2038: 偵測到 'RuntimeLibrary' 不符: 'MD_DynamicRelease' 值與 'MDd_DynamicDebug' 值 (位於 main.cu.obj) 不符
libpbrt.lib(scale.obj) : error LNK2038: 偵測到 '_ITERATOR_DEBUG_LEVEL' 不符: '0' 值與 '2' 值 (位於 main.cu.obj) 不符
libpbrt.lib(scale.obj) : error LNK2038: 偵測到 'RuntimeLibrary' 不符: 'MD_DynamicRelease' 值與 'MDd_DynamicDebug' 值 (位於 main.cu.obj) 不符
libpbrt.lib(mix.obj) : error LNK2038: 偵測到 '_ITERATOR_DEBUG_LEVEL' 不符: '0' 值與 '2' 值 (位於 main.cu.obj) 不符
libpbrt.lib(mix.obj) : error LNK2038: 偵測到 'RuntimeLibrary' 不符: 'MD_DynamicRelease' 值與 'MDd_DynamicDebug' 值 (位於 main.cu.obj) 不符
libpbrt.lib(bilerp.obj) : error LNK2038: 偵測到 '_ITERATOR_DEBUG_LEVEL' 不符: '0' 值與 '2' 值 (位於 main.cu.obj) 不符
libpbrt.lib(bilerp.obj) : error LNK2038: 偵測到 'RuntimeLibrary' 不符: 'MD_DynamicRelease' 值與 'MDd_DynamicDebug' 值 (位於 main.cu.obj) 不符
libpbrt.lib(imagemap.obj) : error LNK2038: 偵測到 '_ITERATOR_DEBUG_LEVEL' 不符: '0' 值與 '2' 值 (位於 main.cu.obj) 不符
libpbrt.lib(imagemap.obj) : error LNK2038: 偵測到 'RuntimeLibrary' 不符: 'MD_DynamicRelease' 值與 'MDd_DynamicDebug' 值 (位於 main.cu.obj) 不符
libpbrt.lib(uv.obj) : error LNK2038: 偵測到 '_ITERATOR_DEBUG_LEVEL' 不符: '0' 值與 '2' 值 (位於 main.cu.obj) 不符
libpbrt.lib(uv.obj) : error LNK2038: 偵測到 'RuntimeLibrary' 不符: 'MD_DynamicRelease' 值與 'MDd_DynamicDebug' 值 (位於 main.cu.obj) 不符
libpbrt.lib(checkerboard.obj) : error LNK2038: 偵測到 '_ITERATOR_DEBUG_LEVEL' 不符: '0' 值與 '2' 值 (位於 main.cu.obj) 不符
libpbrt.lib(checkerboard.obj) : error LNK2038: 偵測到 'RuntimeLibrary' 不符: 'MD_DynamicRelease' 值與 'MDd_DynamicDebug' 值 (位於 main.cu.obj) 不符
libpbrt.lib(dots.obj) : error LNK2038: 偵測到 '_ITERATOR_DEBUG_LEVEL' 不符: '0' 值與 '2' 值 (位於 main.cu.obj) 不符
libpbrt.lib(dots.obj) : error LNK2038: 偵測到 'RuntimeLibrary' 不符: 'MD_DynamicRelease' 值與 'MDd_DynamicDebug' 值 (位於 main.cu.obj) 不符
libpbrt.lib(fbm.obj) : error LNK2038: 偵測到 '_ITERATOR_DEBUG_LEVEL' 不符: '0' 值與 '2' 值 (位於 main.cu.obj) 不符
libpbrt.lib(fbm.obj) : error LNK2038: 偵測到 'RuntimeLibrary' 不符: 'MD_DynamicRelease' 值與 'MDd_DynamicDebug' 值 (位於 main.cu.obj) 不符
libpbrt.lib(wrinkled.obj) : error LNK2038: 偵測到 '_ITERATOR_DEBUG_LEVEL' 不符: '0' 值與 '2' 值 (位於 main.cu.obj) 不符
libpbrt.lib(wrinkled.obj) : error LNK2038: 偵測到 'RuntimeLibrary' 不符: 'MD_DynamicRelease' 值與 'MDd_DynamicDebug' 值 (位於 main.cu.obj) 不符
libpbrt.lib(marble.obj) : error LNK2038: 偵測到 '_ITERATOR_DEBUG_LEVEL' 不符: '0' 值與 '2' 值 (位於 main.cu.obj) 不符
libpbrt.lib(marble.obj) : error LNK2038: 偵測到 'RuntimeLibrary' 不符: 'MD_DynamicRelease' 值與 'MDd_DynamicDebug' 值 (位於 main.cu.obj) 不符
libpbrt.lib(windy.obj) : error LNK2038: 偵測到 '_ITERATOR_DEBUG_LEVEL' 不符: '0' 值與 '2' 值 (位於 main.cu.obj) 不符
libpbrt.lib(windy.obj) : error LNK2038: 偵測到 'RuntimeLibrary' 不符: 'MD_DynamicRelease' 值與 'MDd_DynamicDebug' 值 (位於 main.cu.obj) 不符
libpbrt.lib(point.obj) : error LNK2038: 偵測到 '_ITERATOR_DEBUG_LEVEL' 不符: '0' 值與 '2' 值 (位於 main.cu.obj) 不符
libpbrt.lib(point.obj) : error LNK2038: 偵測到 'RuntimeLibrary' 不符: 'MD_DynamicRelease' 值與 'MDd_DynamicDebug' 值 (位於 main.cu.obj) 不符
libpbrt.lib(spot.obj) : error LNK2038: 偵測到 '_ITERATOR_DEBUG_LEVEL' 不符: '0' 值與 '2' 值 (位於 main.cu.obj) 不符
libpbrt.lib(spot.obj) : error LNK2038: 偵測到 'RuntimeLibrary' 不符: 'MD_DynamicRelease' 值與 'MDd_DynamicDebug' 值 (位於 main.cu.obj) 不符
libpbrt.lib(goniometric.obj) : error LNK2038: 偵測到 '_ITERATOR_DEBUG_LEVEL' 不符: '0' 值與 '2' 值 (位於 main.cu.obj) 不符
libpbrt.lib(goniometric.obj) : error LNK2038: 偵測到 'RuntimeLibrary' 不符: 'MD_DynamicRelease' 值與 'MDd_DynamicDebug' 值 (位於 main.cu.obj) 不符
libpbrt.lib(projection.obj) : error LNK2038: 偵測到 '_ITERATOR_DEBUG_LEVEL' 不符: '0' 值與 '2' 值 (位於 main.cu.obj) 不符
libpbrt.lib(projection.obj) : error LNK2038: 偵測到 'RuntimeLibrary' 不符: 'MD_DynamicRelease' 值與 'MDd_DynamicDebug' 值 (位於 main.cu.obj) 不符
libpbrt.lib(distant.obj) : error LNK2038: 偵測到 '_ITERATOR_DEBUG_LEVEL' 不符: '0' 值與 '2' 值 (位於 main.cu.obj) 不符
libpbrt.lib(distant.obj) : error LNK2038: 偵測到 'RuntimeLibrary' 不符: 'MD_DynamicRelease' 值與 'MDd_DynamicDebug' 值 (位於 main.cu.obj) 不符
libpbrt.lib(infinite.obj) : error LNK2038: 偵測到 '_ITERATOR_DEBUG_LEVEL' 不符: '0' 值與 '2' 值 (位於 main.cu.obj) 不符
libpbrt.lib(infinite.obj) : error LNK2038: 偵測到 'RuntimeLibrary' 不符: 'MD_DynamicRelease' 值與 'MDd_DynamicDebug' 值 (位於 main.cu.obj) 不符
libpbrt.lib(diffuse.obj) : error LNK2038: 偵測到 '_ITERATOR_DEBUG_LEVEL' 不符: '0' 值與 '2' 值 (位於 main.cu.obj) 不符
libpbrt.lib(diffuse.obj) : error LNK2038: 偵測到 'RuntimeLibrary' 不符: 'MD_DynamicRelease' 值與 'MDd_DynamicDebug' 值 (位於 main.cu.obj) 不符
libpbrt.lib(homogeneous.obj) : error LNK2038: 偵測到 '_ITERATOR_DEBUG_LEVEL' 不符: '0' 值與 '2' 值 (位於 main.cu.obj) 不符
libpbrt.lib(homogeneous.obj) : error LNK2038: 偵測到 'RuntimeLibrary' 不符: 'MD_DynamicRelease' 值與 'MDd_DynamicDebug' 值 (位於 main.cu.obj) 不符
libpbrt.lib(volumegrid.obj) : error LNK2038: 偵測到 '_ITERATOR_DEBUG_LEVEL' 不符: '0' 值與 '2' 值 (位於 main.cu.obj) 不符
libpbrt.lib(volumegrid.obj) : error LNK2038: 偵測到 'RuntimeLibrary' 不符: 'MD_DynamicRelease' 值與 'MDd_DynamicDebug' 值 (位於 main.cu.obj) 不符
libpbrt.lib(exponential.obj) : error LNK2038: 偵測到 '_ITERATOR_DEBUG_LEVEL' 不符: '0' 值與 '2' 值 (位於 main.cu.obj) 不符
libpbrt.lib(exponential.obj) : error LNK2038: 偵測到 'RuntimeLibrary' 不符: 'MD_DynamicRelease' 值與 'MDd_DynamicDebug' 值 (位於 main.cu.obj) 不符
libpbrt.lib(whitted.obj) : error LNK2038: 偵測到 '_ITERATOR_DEBUG_LEVEL' 不符: '0' 值與 '2' 值 (位於 main.cu.obj) 不符
libpbrt.lib(whitted.obj) : error LNK2038: 偵測到 'RuntimeLibrary' 不符: 'MD_DynamicRelease' 值與 'MDd_DynamicDebug' 值 (位於 main.cu.obj) 不符
libpbrt.lib(directlighting.obj) : error LNK2038: 偵測到 '_ITERATOR_DEBUG_LEVEL' 不符: '0' 值與 '2' 值 (位於 main.cu.obj) 不符
libpbrt.lib(directlighting.obj) : error LNK2038: 偵測到 'RuntimeLibrary' 不符: 'MD_DynamicRelease' 值與 'MDd_DynamicDebug' 值 (位於 main.cu.obj) 不符
libpbrt.lib(path.obj) : error LNK2038: 偵測到 '_ITERATOR_DEBUG_LEVEL' 不符: '0' 值與 '2' 值 (位於 main.cu.obj) 不符
libpbrt.lib(path.obj) : error LNK2038: 偵測到 'RuntimeLibrary' 不符: 'MD_DynamicRelease' 值與 'MDd_DynamicDebug' 值 (位於 main.cu.obj) 不符
libpbrt.lib(photonmap.obj) : error LNK2038: 偵測到 '_ITERATOR_DEBUG_LEVEL' 不符: '0' 值與 '2' 值 (位於 main.cu.obj) 不符
libpbrt.lib(photonmap.obj) : error LNK2038: 偵測到 'RuntimeLibrary' 不符: 'MD_DynamicRelease' 值與 'MDd_DynamicDebug' 值 (位於 main.cu.obj) 不符
libpbrt.lib(irradiancecache.obj) : error LNK2038: 偵測到 '_ITERATOR_DEBUG_LEVEL' 不符: '0' 值與 '2' 值 (位於 main.cu.obj) 不符
libpbrt.lib(irradiancecache.obj) : error LNK2038: 偵測到 'RuntimeLibrary' 不符: 'MD_DynamicRelease' 值與 'MDd_DynamicDebug' 值 (位於 main.cu.obj) 不符
libpbrt.lib(igi.obj) : error LNK2038: 偵測到 '_ITERATOR_DEBUG_LEVEL' 不符: '0' 值與 '2' 值 (位於 main.cu.obj) 不符
libpbrt.lib(igi.obj) : error LNK2038: 偵測到 'RuntimeLibrary' 不符: 'MD_DynamicRelease' 值與 'MDd_DynamicDebug' 值 (位於 main.cu.obj) 不符
libpbrt.lib(dipolesubsurface.obj) : error LNK2038: 偵測到 '_ITERATOR_DEBUG_LEVEL' 不符: '0' 值與 '2' 值 (位於 main.cu.obj) 不符
libpbrt.lib(dipolesubsurface.obj) : error LNK2038: 偵測到 'RuntimeLibrary' 不符: 'MD_DynamicRelease' 值與 'MDd_DynamicDebug' 值 (位於 main.cu.obj) 不符
libpbrt.lib(ambientocclusion.obj) : error LNK2038: 偵測到 '_ITERATOR_DEBUG_LEVEL' 不符: '0' 值與 '2' 值 (位於 main.cu.obj) 不符
libpbrt.lib(ambientocclusion.obj) : error LNK2038: 偵測到 'RuntimeLibrary' 不符: 'MD_DynamicRelease' 值與 'MDd_DynamicDebug' 值 (位於 main.cu.obj) 不符
libpbrt.lib(useprobes.obj) : error LNK2038: 偵測到 '_ITERATOR_DEBUG_LEVEL' 不符: '0' 值與 '2' 值 (位於 main.cu.obj) 不符
libpbrt.lib(useprobes.obj) : error LNK2038: 偵測到 'RuntimeLibrary' 不符: 'MD_DynamicRelease' 值與 'MDd_DynamicDebug' 值 (位於 main.cu.obj) 不符
libpbrt.lib(diffuseprt.obj) : error LNK2038: 偵測到 '_ITERATOR_DEBUG_LEVEL' 不符: '0' 值與 '2' 值 (位於 main.cu.obj) 不符
libpbrt.lib(diffuseprt.obj) : error LNK2038: 偵測到 'RuntimeLibrary' 不符: 'MD_DynamicRelease' 值與 'MDd_DynamicDebug' 值 (位於 main.cu.obj) 不符
libpbrt.lib(glossyprt.obj) : error LNK2038: 偵測到 '_ITERATOR_DEBUG_LEVEL' 不符: '0' 值與 '2' 值 (位於 main.cu.obj) 不符
libpbrt.lib(glossyprt.obj) : error LNK2038: 偵測到 'RuntimeLibrary' 不符: 'MD_DynamicRelease' 值與 'MDd_DynamicDebug' 值 (位於 main.cu.obj) 不符
libpbrt.lib(single.obj) : error LNK2038: 偵測到 '_ITERATOR_DEBUG_LEVEL' 不符: '0' 值與 '2' 值 (位於 main.cu.obj) 不符
libpbrt.lib(single.obj) : error LNK2038: 偵測到 'RuntimeLibrary' 不符: 'MD_DynamicRelease' 值與 'MDd_DynamicDebug' 值 (位於 main.cu.obj) 不符
libpbrt.lib(emission.obj) : error LNK2038: 偵測到 '_ITERATOR_DEBUG_LEVEL' 不符: '0' 值與 '2' 值 (位於 main.cu.obj) 不符
libpbrt.lib(emission.obj) : error LNK2038: 偵測到 'RuntimeLibrary' 不符: 'MD_DynamicRelease' 值與 'MDd_DynamicDebug' 值 (位於 main.cu.obj) 不符
libpbrt.lib(bvh.obj) : error LNK2038: 偵測到 '_ITERATOR_DEBUG_LEVEL' 不符: '0' 值與 '2' 值 (位於 main.cu.obj) 不符
libpbrt.lib(bvh.obj) : error LNK2038: 偵測到 'RuntimeLibrary' 不符: 'MD_DynamicRelease' 值與 'MDd_DynamicDebug' 值 (位於 main.cu.obj) 不符
libpbrt.lib(grid.obj) : error LNK2038: 偵測到 '_ITERATOR_DEBUG_LEVEL' 不符: '0' 值與 '2' 值 (位於 main.cu.obj) 不符
libpbrt.lib(grid.obj) : error LNK2038: 偵測到 'RuntimeLibrary' 不符: 'MD_DynamicRelease' 值與 'MDd_DynamicDebug' 值 (位於 main.cu.obj) 不符
libpbrt.lib(kdtreeaccel.obj) : error LNK2038: 偵測到 '_ITERATOR_DEBUG_LEVEL' 不符: '0' 值與 '2' 值 (位於 main.cu.obj) 不符
libpbrt.lib(kdtreeaccel.obj) : error LNK2038: 偵測到 'RuntimeLibrary' 不符: 'MD_DynamicRelease' 值與 'MDd_DynamicDebug' 值 (位於 main.cu.obj) 不符
libpbrt.lib(perspective.obj) : error LNK2038: 偵測到 '_ITERATOR_DEBUG_LEVEL' 不符: '0' 值與 '2' 值 (位於 main.cu.obj) 不符
libpbrt.lib(perspective.obj) : error LNK2038: 偵測到 'RuntimeLibrary' 不符: 'MD_DynamicRelease' 值與 'MDd_DynamicDebug' 值 (位於 main.cu.obj) 不符
libpbrt.lib(orthographic.obj) : error LNK2038: 偵測到 '_ITERATOR_DEBUG_LEVEL' 不符: '0' 值與 '2' 值 (位於 main.cu.obj) 不符
libpbrt.lib(orthographic.obj) : error LNK2038: 偵測到 'RuntimeLibrary' 不符: 'MD_DynamicRelease' 值與 'MDd_DynamicDebug' 值 (位於 main.cu.obj) 不符
libpbrt.lib(environment.obj) : error LNK2038: 偵測到 '_ITERATOR_DEBUG_LEVEL' 不符: '0' 值與 '2' 值 (位於 main.cu.obj) 不符
libpbrt.lib(environment.obj) : error LNK2038: 偵測到 'RuntimeLibrary' 不符: 'MD_DynamicRelease' 值與 'MDd_DynamicDebug' 值 (位於 main.cu.obj) 不符
libpbrt.lib(adaptive.obj) : error LNK2038: 偵測到 '_ITERATOR_DEBUG_LEVEL' 不符: '0' 值與 '2' 值 (位於 main.cu.obj) 不符
libpbrt.lib(adaptive.obj) : error LNK2038: 偵測到 'RuntimeLibrary' 不符: 'MD_DynamicRelease' 值與 'MDd_DynamicDebug' 值 (位於 main.cu.obj) 不符
libpbrt.lib(bestcandidate.obj) : error LNK2038: 偵測到 '_ITERATOR_DEBUG_LEVEL' 不符: '0' 值與 '2' 值 (位於 main.cu.obj) 不符
libpbrt.lib(bestcandidate.obj) : error LNK2038: 偵測到 'RuntimeLibrary' 不符: 'MD_DynamicRelease' 值與 'MDd_DynamicDebug' 值 (位於 main.cu.obj) 不符
libpbrt.lib(halton.obj) : error LNK2038: 偵測到 '_ITERATOR_DEBUG_LEVEL' 不符: '0' 值與 '2' 值 (位於 main.cu.obj) 不符
libpbrt.lib(halton.obj) : error LNK2038: 偵測到 'RuntimeLibrary' 不符: 'MD_DynamicRelease' 值與 'MDd_DynamicDebug' 值 (位於 main.cu.obj) 不符
libpbrt.lib(lowdiscrepancy.obj) : error LNK2038: 偵測到 '_ITERATOR_DEBUG_LEVEL' 不符: '0' 值與 '2' 值 (位於 main.cu.obj) 不符
libpbrt.lib(lowdiscrepancy.obj) : error LNK2038: 偵測到 'RuntimeLibrary' 不符: 'MD_DynamicRelease' 值與 'MDd_DynamicDebug' 值 (位於 main.cu.obj) 不符
libpbrt.lib(random.obj) : error LNK2038: 偵測到 '_ITERATOR_DEBUG_LEVEL' 不符: '0' 值與 '2' 值 (位於 main.cu.obj) 不符
libpbrt.lib(random.obj) : error LNK2038: 偵測到 'RuntimeLibrary' 不符: 'MD_DynamicRelease' 值與 'MDd_DynamicDebug' 值 (位於 main.cu.obj) 不符
libpbrt.lib(stratified.obj) : error LNK2038: 偵測到 '_ITERATOR_DEBUG_LEVEL' 不符: '0' 值與 '2' 值 (位於 main.cu.obj) 不符
libpbrt.lib(stratified.obj) : error LNK2038: 偵測到 'RuntimeLibrary' 不符: 'MD_DynamicRelease' 值與 'MDd_DynamicDebug' 值 (位於 main.cu.obj) 不符
libpbrt.lib(box.obj) : error LNK2038: 偵測到 '_ITERATOR_DEBUG_LEVEL' 不符: '0' 值與 '2' 值 (位於 main.cu.obj) 不符
libpbrt.lib(box.obj) : error LNK2038: 偵測到 'RuntimeLibrary' 不符: 'MD_DynamicRelease' 值與 'MDd_DynamicDebug' 值 (位於 main.cu.obj) 不符
libpbrt.lib(gaussian.obj) : error LNK2038: 偵測到 '_ITERATOR_DEBUG_LEVEL' 不符: '0' 值與 '2' 值 (位於 main.cu.obj) 不符
libpbrt.lib(gaussian.obj) : error LNK2038: 偵測到 'RuntimeLibrary' 不符: 'MD_DynamicRelease' 值與 'MDd_DynamicDebug' 值 (位於 main.cu.obj) 不符
libpbrt.lib(mitchell.obj) : error LNK2038: 偵測到 '_ITERATOR_DEBUG_LEVEL' 不符: '0' 值與 '2' 值 (位於 main.cu.obj) 不符
libpbrt.lib(mitchell.obj) : error LNK2038: 偵測到 'RuntimeLibrary' 不符: 'MD_DynamicRelease' 值與 'MDd_DynamicDebug' 值 (位於 main.cu.obj) 不符
libpbrt.lib(sinc.obj) : error LNK2038: 偵測到 '_ITERATOR_DEBUG_LEVEL' 不符: '0' 值與 '2' 值 (位於 main.cu.obj) 不符
libpbrt.lib(sinc.obj) : error LNK2038: 偵測到 'RuntimeLibrary' 不符: 'MD_DynamicRelease' 值與 'MDd_DynamicDebug' 值 (位於 main.cu.obj) 不符
libpbrt.lib(triangle.obj) : error LNK2038: 偵測到 '_ITERATOR_DEBUG_LEVEL' 不符: '0' 值與 '2' 值 (位於 main.cu.obj) 不符
libpbrt.lib(triangle.obj) : error LNK2038: 偵測到 'RuntimeLibrary' 不符: 'MD_DynamicRelease' 值與 'MDd_DynamicDebug' 值 (位於 main.cu.obj) 不符
libpbrt.lib(image.obj) : error LNK2038: 偵測到 '_ITERATOR_DEBUG_LEVEL' 不符: '0' 值與 '2' 值 (位於 main.cu.obj) 不符
libpbrt.lib(image.obj) : error LNK2038: 偵測到 'RuntimeLibrary' 不符: 'MD_DynamicRelease' 值與 'MDd_DynamicDebug' 值 (位於 main.cu.obj) 不符
libpbrt.lib(metropolis.obj) : error LNK2038: 偵測到 '_ITERATOR_DEBUG_LEVEL' 不符: '0' 值與 '2' 值 (位於 main.cu.obj) 不符
libpbrt.lib(metropolis.obj) : error LNK2038: 偵測到 'RuntimeLibrary' 不符: 'MD_DynamicRelease' 值與 'MDd_DynamicDebug' 值 (位於 main.cu.obj) 不符
libpbrt.lib(createprobes.obj) : error LNK2038: 偵測到 '_ITERATOR_DEBUG_LEVEL' 不符: '0' 值與 '2' 值 (位於 main.cu.obj) 不符
libpbrt.lib(createprobes.obj) : error LNK2038: 偵測到 'RuntimeLibrary' 不符: 'MD_DynamicRelease' 值與 'MDd_DynamicDebug' 值 (位於 main.cu.obj) 不符
libpbrt.lib(aggregatetest.obj) : error LNK2038: 偵測到 '_ITERATOR_DEBUG_LEVEL' 不符: '0' 值與 '2' 值 (位於 main.cu.obj) 不符
libpbrt.lib(aggregatetest.obj) : error LNK2038: 偵測到 'RuntimeLibrary' 不符: 'MD_DynamicRelease' 值與 'MDd_DynamicDebug' 值 (位於 main.cu.obj) 不符
libpbrt.lib(surfacepoints.obj) : error LNK2038: 偵測到 '_ITERATOR_DEBUG_LEVEL' 不符: '0' 值與 '2' 值 (位於 main.cu.obj) 不符
libpbrt.lib(surfacepoints.obj) : error LNK2038: 偵測到 'RuntimeLibrary' 不符: 'MD_DynamicRelease' 值與 'MDd_DynamicDebug' 值 (位於 main.cu.obj) 不符
libpbrt.lib(samplerrenderer.obj) : error LNK2038: 偵測到 '_ITERATOR_DEBUG_LEVEL' 不符: '0' 值與 '2' 值 (位於 main.cu.obj) 不符
libpbrt.lib(samplerrenderer.obj) : error LNK2038: 偵測到 'RuntimeLibrary' 不符: 'MD_DynamicRelease' 值與 'MDd_DynamicDebug' 值 (位於 main.cu.obj) 不符
libpbrt.lib(IlmThreadPool.obj) : error LNK2038: 偵測到 '_ITERATOR_DEBUG_LEVEL' 不符: '0' 值與 '2' 值 (位於 main.cu.obj) 不符
libpbrt.lib(IlmThreadPool.obj) : error LNK2038: 偵測到 'RuntimeLibrary' 不符: 'MD_DynamicRelease' 值與 'MDd_DynamicDebug' 值 (位於 main.cu.obj) 不符
libpbrt.lib(IlmThreadMutexWin32.obj) : error LNK2038: 偵測到 '_ITERATOR_DEBUG_LEVEL' 不符: '0' 值與 '2' 值 (位於 main.cu.obj) 不符
libpbrt.lib(IlmThreadMutexWin32.obj) : error LNK2038: 偵測到 'RuntimeLibrary' 不符: 'MD_DynamicRelease' 值與 'MDd_DynamicDebug' 值 (位於 main.cu.obj) 不符
libpbrt.lib(ImfOutputFile.obj) : error LNK2038: 偵測到 '_ITERATOR_DEBUG_LEVEL' 不符: '0' 值與 '2' 值 (位於 main.cu.obj) 不符
libpbrt.lib(ImfOutputFile.obj) : error LNK2038: 偵測到 'RuntimeLibrary' 不符: 'MD_DynamicRelease' 值與 'MDd_DynamicDebug' 值 (位於 main.cu.obj) 不符
libpbrt.lib(ImfChannelList.obj) : error LNK2038: 偵測到 '_ITERATOR_DEBUG_LEVEL' 不符: '0' 值與 '2' 值 (位於 main.cu.obj) 不符
libpbrt.lib(ImfChannelList.obj) : error LNK2038: 偵測到 'RuntimeLibrary' 不符: 'MD_DynamicRelease' 值與 'MDd_DynamicDebug' 值 (位於 main.cu.obj) 不符
libpbrt.lib(ImfHeader.obj) : error LNK2038: 偵測到 '_ITERATOR_DEBUG_LEVEL' 不符: '0' 值與 '2' 值 (位於 main.cu.obj) 不符
libpbrt.lib(ImfHeader.obj) : error LNK2038: 偵測到 'RuntimeLibrary' 不符: 'MD_DynamicRelease' 值與 'MDd_DynamicDebug' 值 (位於 main.cu.obj) 不符
libpbrt.lib(ImfFrameBuffer.obj) : error LNK2038: 偵測到 '_ITERATOR_DEBUG_LEVEL' 不符: '0' 值與 '2' 值 (位於 main.cu.obj) 不符
libpbrt.lib(ImfFrameBuffer.obj) : error LNK2038: 偵測到 'RuntimeLibrary' 不符: 'MD_DynamicRelease' 值與 'MDd_DynamicDebug' 值 (位於 main.cu.obj) 不符
libpbrt.lib(ImfStandardAttributes.obj) : error LNK2038: 偵測到 '_ITERATOR_DEBUG_LEVEL' 不符: '0' 值與 '2' 值 (位於 main.cu.obj) 不符
libpbrt.lib(ImfStandardAttributes.obj) : error LNK2038: 偵測到 'RuntimeLibrary' 不符: 'MD_DynamicRelease' 值與 'MDd_DynamicDebug' 值 (位於 main.cu.obj) 不符
libpbrt.lib(ImfInputFile.obj) : error LNK2038: 偵測到 '_ITERATOR_DEBUG_LEVEL' 不符: '0' 值與 '2' 值 (位於 main.cu.obj) 不符
libpbrt.lib(ImfInputFile.obj) : error LNK2038: 偵測到 'RuntimeLibrary' 不符: 'MD_DynamicRelease' 值與 'MDd_DynamicDebug' 值 (位於 main.cu.obj) 不符
libpbrt.lib(ImfRgbaYca.obj) : error LNK2038: 偵測到 '_ITERATOR_DEBUG_LEVEL' 不符: '0' 值與 '2' 值 (位於 main.cu.obj) 不符
libpbrt.lib(ImfRgbaYca.obj) : error LNK2038: 偵測到 'RuntimeLibrary' 不符: 'MD_DynamicRelease' 值與 'MDd_DynamicDebug' 值 (位於 main.cu.obj) 不符
libpbrt.lib(ImfChromaticities.obj) : error LNK2038: 偵測到 '_ITERATOR_DEBUG_LEVEL' 不符: '0' 值與 '2' 值 (位於 main.cu.obj) 不符
libpbrt.lib(ImfChromaticities.obj) : error LNK2038: 偵測到 'RuntimeLibrary' 不符: 'MD_DynamicRelease' 值與 'MDd_DynamicDebug' 值 (位於 main.cu.obj) 不符
libpbrt.lib(IexBaseExc.obj) : error LNK2038: 偵測到 '_ITERATOR_DEBUG_LEVEL' 不符: '0' 值與 '2' 值 (位於 main.cu.obj) 不符
libpbrt.lib(IexBaseExc.obj) : error LNK2038: 偵測到 'RuntimeLibrary' 不符: 'MD_DynamicRelease' 值與 'MDd_DynamicDebug' 值 (位於 main.cu.obj) 不符
libpbrt.lib(IlmThreadSemaphoreWin32.obj) : error LNK2038: 偵測到 '_ITERATOR_DEBUG_LEVEL' 不符: '0' 值與 '2' 值 (位於 main.cu.obj) 不符
libpbrt.lib(IlmThreadSemaphoreWin32.obj) : error LNK2038: 偵測到 'RuntimeLibrary' 不符: 'MD_DynamicRelease' 值與 'MDd_DynamicDebug' 值 (位於 main.cu.obj) 不符
libpbrt.lib(IlmThreadWin32.obj) : error LNK2038: 偵測到 '_ITERATOR_DEBUG_LEVEL' 不符: '0' 值與 '2' 值 (位於 main.cu.obj) 不符
libpbrt.lib(IlmThreadWin32.obj) : error LNK2038: 偵測到 'RuntimeLibrary' 不符: 'MD_DynamicRelease' 值與 'MDd_DynamicDebug' 值 (位於 main.cu.obj) 不符
libpbrt.lib(ImfMisc.obj) : error LNK2038: 偵測到 '_ITERATOR_DEBUG_LEVEL' 不符: '0' 值與 '2' 值 (位於 main.cu.obj) 不符
libpbrt.lib(ImfMisc.obj) : error LNK2038: 偵測到 'RuntimeLibrary' 不符: 'MD_DynamicRelease' 值與 'MDd_DynamicDebug' 值 (位於 main.cu.obj) 不符
libpbrt.lib(ImfIO.obj) : error LNK2038: 偵測到 '_ITERATOR_DEBUG_LEVEL' 不符: '0' 值與 '2' 值 (位於 main.cu.obj) 不符
libpbrt.lib(ImfIO.obj) : error LNK2038: 偵測到 'RuntimeLibrary' 不符: 'MD_DynamicRelease' 值與 'MDd_DynamicDebug' 值 (位於 main.cu.obj) 不符
libpbrt.lib(ImfCompressor.obj) : error LNK2038: 偵測到 '_ITERATOR_DEBUG_LEVEL' 不符: '0' 值與 '2' 值 (位於 main.cu.obj) 不符
libpbrt.lib(ImfCompressor.obj) : error LNK2038: 偵測到 'RuntimeLibrary' 不符: 'MD_DynamicRelease' 值與 'MDd_DynamicDebug' 值 (位於 main.cu.obj) 不符
libpbrt.lib(ImfStdIO.obj) : error LNK2038: 偵測到 '_ITERATOR_DEBUG_LEVEL' 不符: '0' 值與 '2' 值 (位於 main.cu.obj) 不符
libpbrt.lib(ImfStdIO.obj) : error LNK2038: 偵測到 'RuntimeLibrary' 不符: 'MD_DynamicRelease' 值與 'MDd_DynamicDebug' 值 (位於 main.cu.obj) 不符
libpbrt.lib(IexThrowErrnoExc.obj) : error LNK2038: 偵測到 '_ITERATOR_DEBUG_LEVEL' 不符: '0' 值與 '2' 值 (位於 main.cu.obj) 不符
libpbrt.lib(IexThrowErrnoExc.obj) : error LNK2038: 偵測到 'RuntimeLibrary' 不符: 'MD_DynamicRelease' 值與 'MDd_DynamicDebug' 值 (位於 main.cu.obj) 不符
libpbrt.lib(ImfMatrixAttribute.obj) : error LNK2038: 偵測到 '_ITERATOR_DEBUG_LEVEL' 不符: '0' 值與 '2' 值 (位於 main.cu.obj) 不符
libpbrt.lib(ImfMatrixAttribute.obj) : error LNK2038: 偵測到 'RuntimeLibrary' 不符: 'MD_DynamicRelease' 值與 'MDd_DynamicDebug' 值 (位於 main.cu.obj) 不符
libpbrt.lib(ImfKeyCode.obj) : error LNK2038: 偵測到 '_ITERATOR_DEBUG_LEVEL' 不符: '0' 值與 '2' 值 (位於 main.cu.obj) 不符
libpbrt.lib(ImfKeyCode.obj) : error LNK2038: 偵測到 'RuntimeLibrary' 不符: 'MD_DynamicRelease' 值與 'MDd_DynamicDebug' 值 (位於 main.cu.obj) 不符
libpbrt.lib(ImfTimeCode.obj) : error LNK2038: 偵測到 '_ITERATOR_DEBUG_LEVEL' 不符: '0' 值與 '2' 值 (位於 main.cu.obj) 不符
libpbrt.lib(ImfTimeCode.obj) : error LNK2038: 偵測到 'RuntimeLibrary' 不符: 'MD_DynamicRelease' 值與 'MDd_DynamicDebug' 值 (位於 main.cu.obj) 不符
libpbrt.lib(ImfVecAttribute.obj) : error LNK2038: 偵測到 '_ITERATOR_DEBUG_LEVEL' 不符: '0' 值與 '2' 值 (位於 main.cu.obj) 不符
libpbrt.lib(ImfVecAttribute.obj) : error LNK2038: 偵測到 'RuntimeLibrary' 不符: 'MD_DynamicRelease' 值與 'MDd_DynamicDebug' 值 (位於 main.cu.obj) 不符
libpbrt.lib(ImfOpaqueAttribute.obj) : error LNK2038: 偵測到 '_ITERATOR_DEBUG_LEVEL' 不符: '0' 值與 '2' 值 (位於 main.cu.obj) 不符
libpbrt.lib(ImfOpaqueAttribute.obj) : error LNK2038: 偵測到 'RuntimeLibrary' 不符: 'MD_DynamicRelease' 值與 'MDd_DynamicDebug' 值 (位於 main.cu.obj) 不符
libpbrt.lib(ImfRationalAttribute.obj) : error LNK2038: 偵測到 '_ITERATOR_DEBUG_LEVEL' 不符: '0' 值與 '2' 值 (位於 main.cu.obj) 不符
libpbrt.lib(ImfRationalAttribute.obj) : error LNK2038: 偵測到 'RuntimeLibrary' 不符: 'MD_DynamicRelease' 值與 'MDd_DynamicDebug' 值 (位於 main.cu.obj) 不符
libpbrt.lib(ImfEnvmapAttribute.obj) : error LNK2038: 偵測到 '_ITERATOR_DEBUG_LEVEL' 不符: '0' 值與 '2' 值 (位於 main.cu.obj) 不符
libpbrt.lib(ImfEnvmapAttribute.obj) : error LNK2038: 偵測到 'RuntimeLibrary' 不符: 'MD_DynamicRelease' 值與 'MDd_DynamicDebug' 值 (位於 main.cu.obj) 不符
libpbrt.lib(ImfIntAttribute.obj) : error LNK2038: 偵測到 '_ITERATOR_DEBUG_LEVEL' 不符: '0' 值與 '2' 值 (位於 main.cu.obj) 不符
libpbrt.lib(ImfIntAttribute.obj) : error LNK2038: 偵測到 'RuntimeLibrary' 不符: 'MD_DynamicRelease' 值與 'MDd_DynamicDebug' 值 (位於 main.cu.obj) 不符
libpbrt.lib(ImfKeyCodeAttribute.obj) : error LNK2038: 偵測到 '_ITERATOR_DEBUG_LEVEL' 不符: '0' 值與 '2' 值 (位於 main.cu.obj) 不符
libpbrt.lib(ImfKeyCodeAttribute.obj) : error LNK2038: 偵測到 'RuntimeLibrary' 不符: 'MD_DynamicRelease' 值與 'MDd_DynamicDebug' 值 (位於 main.cu.obj) 不符
libpbrt.lib(ImfTimeCodeAttribute.obj) : error LNK2038: 偵測到 '_ITERATOR_DEBUG_LEVEL' 不符: '0' 值與 '2' 值 (位於 main.cu.obj) 不符
libpbrt.lib(ImfTimeCodeAttribute.obj) : error LNK2038: 偵測到 'RuntimeLibrary' 不符: 'MD_DynamicRelease' 值與 'MDd_DynamicDebug' 值 (位於 main.cu.obj) 不符
libpbrt.lib(ImfAttribute.obj) : error LNK2038: 偵測到 '_ITERATOR_DEBUG_LEVEL' 不符: '0' 值與 '2' 值 (位於 main.cu.obj) 不符
libpbrt.lib(ImfAttribute.obj) : error LNK2038: 偵測到 'RuntimeLibrary' 不符: 'MD_DynamicRelease' 值與 'MDd_DynamicDebug' 值 (位於 main.cu.obj) 不符
libpbrt.lib(ImfFloatAttribute.obj) : error LNK2038: 偵測到 '_ITERATOR_DEBUG_LEVEL' 不符: '0' 值與 '2' 值 (位於 main.cu.obj) 不符
libpbrt.lib(ImfFloatAttribute.obj) : error LNK2038: 偵測到 'RuntimeLibrary' 不符: 'MD_DynamicRelease' 值與 'MDd_DynamicDebug' 值 (位於 main.cu.obj) 不符
libpbrt.lib(ImfStringAttribute.obj) : error LNK2038: 偵測到 '_ITERATOR_DEBUG_LEVEL' 不符: '0' 值與 '2' 值 (位於 main.cu.obj) 不符
libpbrt.lib(ImfStringAttribute.obj) : error LNK2038: 偵測到 'RuntimeLibrary' 不符: 'MD_DynamicRelease' 值與 'MDd_DynamicDebug' 值 (位於 main.cu.obj) 不符
libpbrt.lib(ImfTileDescriptionAttribute.obj) : error LNK2038: 偵測到 '_ITERATOR_DEBUG_LEVEL' 不符: '0' 值與 '2' 值 (位於 main.cu.obj) 不符
libpbrt.lib(ImfTileDescriptionAttribute.obj) : error LNK2038: 偵測到 'RuntimeLibrary' 不符: 'MD_DynamicRelease' 值與 'MDd_DynamicDebug' 值 (位於 main.cu.obj) 不符
libpbrt.lib(ImfChromaticitiesAttribute.obj) : error LNK2038: 偵測到 '_ITERATOR_DEBUG_LEVEL' 不符: '0' 值與 '2' 值 (位於 main.cu.obj) 不符
libpbrt.lib(ImfChromaticitiesAttribute.obj) : error LNK2038: 偵測到 'RuntimeLibrary' 不符: 'MD_DynamicRelease' 值與 'MDd_DynamicDebug' 值 (位於 main.cu.obj) 不符
libpbrt.lib(ImfStringVectorAttribute.obj) : error LNK2038: 偵測到 '_ITERATOR_DEBUG_LEVEL' 不符: '0' 值與 '2' 值 (位於 main.cu.obj) 不符
libpbrt.lib(ImfStringVectorAttribute.obj) : error LNK2038: 偵測到 'RuntimeLibrary' 不符: 'MD_DynamicRelease' 值與 'MDd_DynamicDebug' 值 (位於 main.cu.obj) 不符
libpbrt.lib(ImfBoxAttribute.obj) : error LNK2038: 偵測到 '_ITERATOR_DEBUG_LEVEL' 不符: '0' 值與 '2' 值 (位於 main.cu.obj) 不符
libpbrt.lib(ImfBoxAttribute.obj) : error LNK2038: 偵測到 'RuntimeLibrary' 不符: 'MD_DynamicRelease' 值與 'MDd_DynamicDebug' 值 (位於 main.cu.obj) 不符
libpbrt.lib(ImfDoubleAttribute.obj) : error LNK2038: 偵測到 '_ITERATOR_DEBUG_LEVEL' 不符: '0' 值與 '2' 值 (位於 main.cu.obj) 不符
libpbrt.lib(ImfDoubleAttribute.obj) : error LNK2038: 偵測到 'RuntimeLibrary' 不符: 'MD_DynamicRelease' 值與 'MDd_DynamicDebug' 值 (位於 main.cu.obj) 不符
libpbrt.lib(ImfChannelListAttribute.obj) : error LNK2038: 偵測到 '_ITERATOR_DEBUG_LEVEL' 不符: '0' 值與 '2' 值 (位於 main.cu.obj) 不符
libpbrt.lib(ImfChannelListAttribute.obj) : error LNK2038: 偵測到 'RuntimeLibrary' 不符: 'MD_DynamicRelease' 值與 'MDd_DynamicDebug' 值 (位於 main.cu.obj) 不符
libpbrt.lib(ImfCompressionAttribute.obj) : error LNK2038: 偵測到 '_ITERATOR_DEBUG_LEVEL' 不符: '0' 值與 '2' 值 (位於 main.cu.obj) 不符
libpbrt.lib(ImfCompressionAttribute.obj) : error LNK2038: 偵測到 'RuntimeLibrary' 不符: 'MD_DynamicRelease' 值與 'MDd_DynamicDebug' 值 (位於 main.cu.obj) 不符
libpbrt.lib(ImfPreviewImageAttribute.obj) : error LNK2038: 偵測到 '_ITERATOR_DEBUG_LEVEL' 不符: '0' 值與 '2' 值 (位於 main.cu.obj) 不符
libpbrt.lib(ImfPreviewImageAttribute.obj) : error LNK2038: 偵測到 'RuntimeLibrary' 不符: 'MD_DynamicRelease' 值與 'MDd_DynamicDebug' 值 (位於 main.cu.obj) 不符
libpbrt.lib(ImfLineOrderAttribute.obj) : error LNK2038: 偵測到 '_ITERATOR_DEBUG_LEVEL' 不符: '0' 值與 '2' 值 (位於 main.cu.obj) 不符
libpbrt.lib(ImfLineOrderAttribute.obj) : error LNK2038: 偵測到 'RuntimeLibrary' 不符: 'MD_DynamicRelease' 值與 'MDd_DynamicDebug' 值 (位於 main.cu.obj) 不符
libpbrt.lib(ImfPreviewImage.obj) : error LNK2038: 偵測到 '_ITERATOR_DEBUG_LEVEL' 不符: '0' 值與 '2' 值 (位於 main.cu.obj) 不符
libpbrt.lib(ImfPreviewImage.obj) : error LNK2038: 偵測到 'RuntimeLibrary' 不符: 'MD_DynamicRelease' 值與 'MDd_DynamicDebug' 值 (位於 main.cu.obj) 不符
libpbrt.lib(ImfScanLineInputFile.obj) : error LNK2038: 偵測到 '_ITERATOR_DEBUG_LEVEL' 不符: '0' 值與 '2' 值 (位於 main.cu.obj) 不符
libpbrt.lib(ImfScanLineInputFile.obj) : error LNK2038: 偵測到 'RuntimeLibrary' 不符: 'MD_DynamicRelease' 值與 'MDd_DynamicDebug' 值 (位於 main.cu.obj) 不符
libpbrt.lib(ImfTiledInputFile.obj) : error LNK2038: 偵測到 '_ITERATOR_DEBUG_LEVEL' 不符: '0' 值與 '2' 值 (位於 main.cu.obj) 不符
libpbrt.lib(ImfTiledInputFile.obj) : error LNK2038: 偵測到 'RuntimeLibrary' 不符: 'MD_DynamicRelease' 值與 'MDd_DynamicDebug' 值 (位於 main.cu.obj) 不符
libpbrt.lib(ImfConvert.obj) : error LNK2038: 偵測到 '_ITERATOR_DEBUG_LEVEL' 不符: '0' 值與 '2' 值 (位於 main.cu.obj) 不符
libpbrt.lib(ImfConvert.obj) : error LNK2038: 偵測到 'RuntimeLibrary' 不符: 'MD_DynamicRelease' 值與 'MDd_DynamicDebug' 值 (位於 main.cu.obj) 不符
libpbrt.lib(ImfPizCompressor.obj) : error LNK2038: 偵測到 '_ITERATOR_DEBUG_LEVEL' 不符: '0' 值與 '2' 值 (位於 main.cu.obj) 不符
libpbrt.lib(ImfPizCompressor.obj) : error LNK2038: 偵測到 'RuntimeLibrary' 不符: 'MD_DynamicRelease' 值與 'MDd_DynamicDebug' 值 (位於 main.cu.obj) 不符
libpbrt.lib(ImfRleCompressor.obj) : error LNK2038: 偵測到 '_ITERATOR_DEBUG_LEVEL' 不符: '0' 值與 '2' 值 (位於 main.cu.obj) 不符
libpbrt.lib(ImfRleCompressor.obj) : error LNK2038: 偵測到 'RuntimeLibrary' 不符: 'MD_DynamicRelease' 值與 'MDd_DynamicDebug' 值 (位於 main.cu.obj) 不符
libpbrt.lib(ImfZipCompressor.obj) : error LNK2038: 偵測到 '_ITERATOR_DEBUG_LEVEL' 不符: '0' 值與 '2' 值 (位於 main.cu.obj) 不符
libpbrt.lib(ImfZipCompressor.obj) : error LNK2038: 偵測到 'RuntimeLibrary' 不符: 'MD_DynamicRelease' 值與 'MDd_DynamicDebug' 值 (位於 main.cu.obj) 不符
libpbrt.lib(ImfB44Compressor.obj) : error LNK2038: 偵測到 '_ITERATOR_DEBUG_LEVEL' 不符: '0' 值與 '2' 值 (位於 main.cu.obj) 不符
libpbrt.lib(ImfB44Compressor.obj) : error LNK2038: 偵測到 'RuntimeLibrary' 不符: 'MD_DynamicRelease' 值與 'MDd_DynamicDebug' 值 (位於 main.cu.obj) 不符
libpbrt.lib(ImfPxr24Compressor.obj) : error LNK2038: 偵測到 '_ITERATOR_DEBUG_LEVEL' 不符: '0' 值與 '2' 值 (位於 main.cu.obj) 不符
libpbrt.lib(ImfPxr24Compressor.obj) : error LNK2038: 偵測到 'RuntimeLibrary' 不符: 'MD_DynamicRelease' 值與 'MDd_DynamicDebug' 值 (位於 main.cu.obj) 不符
libpbrt.lib(ImfTiledMisc.obj) : error LNK2038: 偵測到 '_ITERATOR_DEBUG_LEVEL' 不符: '0' 值與 '2' 值 (位於 main.cu.obj) 不符
libpbrt.lib(ImfTiledMisc.obj) : error LNK2038: 偵測到 'RuntimeLibrary' 不符: 'MD_DynamicRelease' 值與 'MDd_DynamicDebug' 值 (位於 main.cu.obj) 不符
libpbrt.lib(ImfTileOffsets.obj) : error LNK2038: 偵測到 '_ITERATOR_DEBUG_LEVEL' 不符: '0' 值與 '2' 值 (位於 main.cu.obj) 不符
libpbrt.lib(ImfTileOffsets.obj) : error LNK2038: 偵測到 'RuntimeLibrary' 不符: 'MD_DynamicRelease' 值與 'MDd_DynamicDebug' 值 (位於 main.cu.obj) 不符
libpbrt.lib(ImfHuf.obj) : error LNK2038: 偵測到 '_ITERATOR_DEBUG_LEVEL' 不符: '0' 值與 '2' 值 (位於 main.cu.obj) 不符
libpbrt.lib(ImfHuf.obj) : error LNK2038: 偵測到 'RuntimeLibrary' 不符: 'MD_DynamicRelease' 值與 'MDd_DynamicDebug' 值 (位於 main.cu.obj) 不符
LINK : warning LNK4098: 預設的程式庫 'MSVCRT' 與其他使用的程式庫衝突，請使用 /NODEFAULTLIB:library
C:\Users\tbcey74123\Desktop\CUDA\FinalProject\CUDA_SHDecomposition_Release\x64\Debug\CUDA_SHDecomposition.exe : fatal error LNK1319: 偵測到 272 個不符的項目
